<?xml version="1.0" encoding="UTF-8"?>
<testsuite xmlns:xsi="http://www.w3.org/2001/XMLSchema-instance" xsi:noNamespaceSchemaLocation="https://maven.apache.org/surefire/maven-surefire-plugin/xsd/surefire-test-report.xsd" version="3.0.2" name="badIceCream.GUI.MenuGraphicsTest" time="0.026" tests="2" errors="0" skipped="0" failures="0">
  <properties>
    <property name="java.specification.version" value="21"/>
    <property name="sun.jnu.encoding" value="UTF-8"/>
    <property name="sun.awt.enableExtraMouseButtons" value="true"/>
    <property name="java.class.path" value="/Users/tiagobranquinho/Desktop/universidade/5ANO/TVVS/project-bad-ice-cream/target/test-classes:/Users/tiagobranquinho/Desktop/universidade/5ANO/TVVS/project-bad-ice-cream/target/classes:/Users/tiagobranquinho/.m2/repository/com/googlecode/lanterna/lanterna/3.1.1/lanterna-3.1.1.jar:/Users/tiagobranquinho/.m2/repository/net/jqwik/jqwik/1.9.1/jqwik-1.9.1.jar:/Users/tiagobranquinho/.m2/repository/org/apiguardian/apiguardian-api/1.1.2/apiguardian-api-1.1.2.jar:/Users/tiagobranquinho/.m2/repository/net/jqwik/jqwik-api/1.9.1/jqwik-api-1.9.1.jar:/Users/tiagobranquinho/.m2/repository/net/jqwik/jqwik-web/1.9.1/jqwik-web-1.9.1.jar:/Users/tiagobranquinho/.m2/repository/net/jqwik/jqwik-time/1.9.1/jqwik-time-1.9.1.jar:/Users/tiagobranquinho/.m2/repository/net/jqwik/jqwik-engine/1.9.1/jqwik-engine-1.9.1.jar:/Users/tiagobranquinho/.m2/repository/org/assertj/assertj-core/3.26.3/assertj-core-3.26.3.jar:/Users/tiagobranquinho/.m2/repository/net/bytebuddy/byte-buddy/1.14.18/byte-buddy-1.14.18.jar:/Users/tiagobranquinho/.m2/repository/org/junit/jupiter/junit-jupiter-api/5.11.2/junit-jupiter-api-5.11.2.jar:/Users/tiagobranquinho/.m2/repository/org/opentest4j/opentest4j/1.3.0/opentest4j-1.3.0.jar:/Users/tiagobranquinho/.m2/repository/org/junit/platform/junit-platform-commons/1.11.2/junit-platform-commons-1.11.2.jar:/Users/tiagobranquinho/.m2/repository/org/junit/jupiter/junit-jupiter-params/5.11.2/junit-jupiter-params-5.11.2.jar:/Users/tiagobranquinho/.m2/repository/org/junit/jupiter/junit-jupiter-engine/5.11.2/junit-jupiter-engine-5.11.2.jar:/Users/tiagobranquinho/.m2/repository/org/junit/platform/junit-platform-engine/1.11.2/junit-platform-engine-1.11.2.jar:/Users/tiagobranquinho/.m2/repository/org/junit/platform/junit-platform-runner/1.11.2/junit-platform-runner-1.11.2.jar:/Users/tiagobranquinho/.m2/repository/junit/junit/4.13.2/junit-4.13.2.jar:/Users/tiagobranquinho/.m2/repository/org/hamcrest/hamcrest-core/1.3/hamcrest-core-1.3.jar:/Users/tiagobranquinho/.m2/repository/org/junit/platform/junit-platform-suite-api/1.11.2/junit-platform-suite-api-1.11.2.jar:/Users/tiagobranquinho/.m2/repository/org/junit/platform/junit-platform-suite-commons/1.11.2/junit-platform-suite-commons-1.11.2.jar:/Users/tiagobranquinho/.m2/repository/org/junit/platform/junit-platform-launcher/1.11.2/junit-platform-launcher-1.11.2.jar:/Users/tiagobranquinho/.m2/repository/org/mockito/mockito-core/5.14.1/mockito-core-5.14.1.jar:/Users/tiagobranquinho/.m2/repository/net/bytebuddy/byte-buddy-agent/1.15.3/byte-buddy-agent-1.15.3.jar:/Users/tiagobranquinho/.m2/repository/org/objenesis/objenesis/3.3/objenesis-3.3.jar:/Users/tiagobranquinho/.m2/repository/org/mockito/mockito-junit-jupiter/5.14.1/mockito-junit-jupiter-5.14.1.jar:"/>
    <property name="java.vm.vendor" value="Oracle Corporation"/>
    <property name="sun.arch.data.model" value="64"/>
    <property name="java.vendor.url" value="https://java.oracle.com/"/>
    <property name="user.timezone" value="Europe/Lisbon"/>
    <property name="os.name" value="Mac OS X"/>
    <property name="java.vm.specification.version" value="21"/>
    <property name="sun.java.launcher" value="SUN_STANDARD"/>
    <property name="user.country" value="PT"/>
    <property name="sun.boot.library.path" value="/Library/Java/JavaVirtualMachines/jdk-21.jdk/Contents/Home/lib"/>
    <property name="sun.java.command" value="/Users/tiagobranquinho/Desktop/universidade/5ANO/TVVS/project-bad-ice-cream/target/surefire/surefirebooter-20250106092300375_3.jar /Users/tiagobranquinho/Desktop/universidade/5ANO/TVVS/project-bad-ice-cream/target/surefire 2025-01-06T09-23-00_333-jvmRun1 surefire-20250106092300375_1tmp surefire_0-20250106092300375_2tmp"/>
    <property name="jdk.debug" value="release"/>
    <property name="surefire.test.class.path" value="/Users/tiagobranquinho/Desktop/universidade/5ANO/TVVS/project-bad-ice-cream/target/test-classes:/Users/tiagobranquinho/Desktop/universidade/5ANO/TVVS/project-bad-ice-cream/target/classes:/Users/tiagobranquinho/.m2/repository/com/googlecode/lanterna/lanterna/3.1.1/lanterna-3.1.1.jar:/Users/tiagobranquinho/.m2/repository/net/jqwik/jqwik/1.9.1/jqwik-1.9.1.jar:/Users/tiagobranquinho/.m2/repository/org/apiguardian/apiguardian-api/1.1.2/apiguardian-api-1.1.2.jar:/Users/tiagobranquinho/.m2/repository/net/jqwik/jqwik-api/1.9.1/jqwik-api-1.9.1.jar:/Users/tiagobranquinho/.m2/repository/net/jqwik/jqwik-web/1.9.1/jqwik-web-1.9.1.jar:/Users/tiagobranquinho/.m2/repository/net/jqwik/jqwik-time/1.9.1/jqwik-time-1.9.1.jar:/Users/tiagobranquinho/.m2/repository/net/jqwik/jqwik-engine/1.9.1/jqwik-engine-1.9.1.jar:/Users/tiagobranquinho/.m2/repository/org/assertj/assertj-core/3.26.3/assertj-core-3.26.3.jar:/Users/tiagobranquinho/.m2/repository/net/bytebuddy/byte-buddy/1.14.18/byte-buddy-1.14.18.jar:/Users/tiagobranquinho/.m2/repository/org/junit/jupiter/junit-jupiter-api/5.11.2/junit-jupiter-api-5.11.2.jar:/Users/tiagobranquinho/.m2/repository/org/opentest4j/opentest4j/1.3.0/opentest4j-1.3.0.jar:/Users/tiagobranquinho/.m2/repository/org/junit/platform/junit-platform-commons/1.11.2/junit-platform-commons-1.11.2.jar:/Users/tiagobranquinho/.m2/repository/org/junit/jupiter/junit-jupiter-params/5.11.2/junit-jupiter-params-5.11.2.jar:/Users/tiagobranquinho/.m2/repository/org/junit/jupiter/junit-jupiter-engine/5.11.2/junit-jupiter-engine-5.11.2.jar:/Users/tiagobranquinho/.m2/repository/org/junit/platform/junit-platform-engine/1.11.2/junit-platform-engine-1.11.2.jar:/Users/tiagobranquinho/.m2/repository/org/junit/platform/junit-platform-runner/1.11.2/junit-platform-runner-1.11.2.jar:/Users/tiagobranquinho/.m2/repository/junit/junit/4.13.2/junit-4.13.2.jar:/Users/tiagobranquinho/.m2/repository/org/hamcrest/hamcrest-core/1.3/hamcrest-core-1.3.jar:/Users/tiagobranquinho/.m2/repository/org/junit/platform/junit-platform-suite-api/1.11.2/junit-platform-suite-api-1.11.2.jar:/Users/tiagobranquinho/.m2/repository/org/junit/platform/junit-platform-suite-commons/1.11.2/junit-platform-suite-commons-1.11.2.jar:/Users/tiagobranquinho/.m2/repository/org/junit/platform/junit-platform-launcher/1.11.2/junit-platform-launcher-1.11.2.jar:/Users/tiagobranquinho/.m2/repository/org/mockito/mockito-core/5.14.1/mockito-core-5.14.1.jar:/Users/tiagobranquinho/.m2/repository/net/bytebuddy/byte-buddy-agent/1.15.3/byte-buddy-agent-1.15.3.jar:/Users/tiagobranquinho/.m2/repository/org/objenesis/objenesis/3.3/objenesis-3.3.jar:/Users/tiagobranquinho/.m2/repository/org/mockito/mockito-junit-jupiter/5.14.1/mockito-junit-jupiter-5.14.1.jar:"/>
    <property name="sun.cpu.endian" value="little"/>
    <property name="user.home" value="/Users/tiagobranquinho"/>
    <property name="user.language" value="en"/>
    <property name="java.specification.vendor" value="Oracle Corporation"/>
    <property name="java.version.date" value="2024-01-16"/>
    <property name="java.home" value="/Library/Java/JavaVirtualMachines/jdk-21.jdk/Contents/Home"/>
    <property name="file.separator" value="/"/>
    <property name="basedir" value="/Users/tiagobranquinho/Desktop/universidade/5ANO/TVVS/project-bad-ice-cream"/>
    <property name="java.vm.compressedOopsMode" value="Zero based"/>
    <property name="line.separator" value="&#10;"/>
    <property name="java.vm.specification.vendor" value="Oracle Corporation"/>
    <property name="java.specification.name" value="Java Platform API Specification"/>
    <property name="apple.awt.application.name" value="ForkedBooter"/>
    <property name="surefire.real.class.path" value="/Users/tiagobranquinho/Desktop/universidade/5ANO/TVVS/project-bad-ice-cream/target/surefire/surefirebooter-20250106092300375_3.jar"/>
    <property name="sun.management.compiler" value="HotSpot 64-Bit Tiered Compilers"/>
    <property name="java.runtime.version" value="21.0.2+13-LTS-58"/>
    <property name="user.name" value="tiagobranquinho"/>
    <property name="stdout.encoding" value="UTF-8"/>
    <property name="path.separator" value=":"/>
    <property name="os.version" value="14.4.1"/>
    <property name="java.runtime.name" value="Java(TM) SE Runtime Environment"/>
    <property name="file.encoding" value="UTF-8"/>
    <property name="java.vm.name" value="Java HotSpot(TM) 64-Bit Server VM"/>
    <property name="localRepository" value="/Users/tiagobranquinho/.m2/repository"/>
    <property name="java.vendor.url.bug" value="https://bugreport.java.com/bugreport/"/>
    <property name="java.io.tmpdir" value="/var/folders/v1/yy42rmgd5hsbwthphypsmb0h0000gn/T/"/>
    <property name="java.version" value="21.0.2"/>
    <property name="user.dir" value="/Users/tiagobranquinho/Desktop/universidade/5ANO/TVVS/project-bad-ice-cream"/>
    <property name="os.arch" value="aarch64"/>
    <property name="java.vm.specification.name" value="Java Virtual Machine Specification"/>
    <property name="native.encoding" value="UTF-8"/>
    <property name="java.library.path" value="/Users/tiagobranquinho/Library/Java/Extensions:/Library/Java/Extensions:/Network/Library/Java/Extensions:/System/Library/Java/Extensions:/usr/lib/java:."/>
    <property name="java.vm.info" value="mixed mode, sharing"/>
    <property name="stderr.encoding" value="UTF-8"/>
    <property name="java.vendor" value="Oracle Corporation"/>
    <property name="java.vm.version" value="21.0.2+13-LTS-58"/>
    <property name="sun.io.unicode.encoding" value="UnicodeBig"/>
    <property name="java.class.version" value="65.0"/>
  </properties>
  <testcase name="testCreateTerminal" classname="badIceCream.GUI.MenuGraphicsTest" time="0.023"/>
  <testcase name="testCreateTerminalWithFontFormatException" classname="badIceCream.GUI.MenuGraphicsTest" time="0.003">
    <system-err><![CDATA[java.awt.FontFormatException: Mock FontFormatException
	at badIceCream.GUI.MenuGraphicsTest.testCreateTerminalWithFontFormatException(MenuGraphicsTest.java:46)
	at java.base/jdk.internal.reflect.DirectMethodHandleAccessor.invoke(DirectMethodHandleAccessor.java:103)
	at java.base/java.lang.reflect.Method.invoke(Method.java:580)
	at org.junit.platform.commons.util.ReflectionUtils.invokeMethod(ReflectionUtils.java:766)
	at org.junit.jupiter.engine.execution.MethodInvocation.proceed(MethodInvocation.java:60)
	at org.junit.jupiter.engine.execution.InvocationInterceptorChain$ValidatingInvocation.proceed(InvocationInterceptorChain.java:131)
	at org.junit.jupiter.engine.extension.TimeoutExtension.intercept(TimeoutExtension.java:156)
	at org.junit.jupiter.engine.extension.TimeoutExtension.interceptTestableMethod(TimeoutExtension.java:147)
	at org.junit.jupiter.engine.extension.TimeoutExtension.interceptTestMethod(TimeoutExtension.java:86)
	at org.junit.jupiter.engine.execution.InterceptingExecutableInvoker$ReflectiveInterceptorCall.lambda$ofVoidMethod$0(InterceptingExecutableInvoker.java:103)
	at org.junit.jupiter.engine.execution.InterceptingExecutableInvoker.lambda$invoke$0(InterceptingExecutableInvoker.java:93)
	at org.junit.jupiter.engine.execution.InvocationInterceptorChain$InterceptedInvocation.proceed(InvocationInterceptorChain.java:106)
	at org.junit.jupiter.engine.execution.InvocationInterceptorChain.proceed(InvocationInterceptorChain.java:64)
	at org.junit.jupiter.engine.execution.InvocationInterceptorChain.chainAndInvoke(InvocationInterceptorChain.java:45)
	at org.junit.jupiter.engine.execution.InvocationInterceptorChain.invoke(InvocationInterceptorChain.java:37)
	at org.junit.jupiter.engine.execution.InterceptingExecutableInvoker.invoke(InterceptingExecutableInvoker.java:92)
	at org.junit.jupiter.engine.execution.InterceptingExecutableInvoker.invoke(InterceptingExecutableInvoker.java:86)
	at org.junit.jupiter.engine.descriptor.TestMethodTestDescriptor.lambda$invokeTestMethod$8(TestMethodTestDescriptor.java:217)
	at org.junit.platform.engine.support.hierarchical.ThrowableCollector.execute(ThrowableCollector.java:73)
	at org.junit.jupiter.engine.descriptor.TestMethodTestDescriptor.invokeTestMethod(TestMethodTestDescriptor.java:213)
	at org.junit.jupiter.engine.descriptor.TestMethodTestDescriptor.execute(TestMethodTestDescriptor.java:138)
	at org.junit.jupiter.engine.descriptor.TestMethodTestDescriptor.execute(TestMethodTestDescriptor.java:68)
	at org.junit.platform.engine.support.hierarchical.NodeTestTask.lambda$executeRecursively$6(NodeTestTask.java:156)
	at org.junit.platform.engine.support.hierarchical.ThrowableCollector.execute(ThrowableCollector.java:73)
	at org.junit.platform.engine.support.hierarchical.NodeTestTask.lambda$executeRecursively$8(NodeTestTask.java:146)
	at org.junit.platform.engine.support.hierarchical.Node.around(Node.java:137)
	at org.junit.platform.engine.support.hierarchical.NodeTestTask.lambda$executeRecursively$9(NodeTestTask.java:144)
	at org.junit.platform.engine.support.hierarchical.ThrowableCollector.execute(ThrowableCollector.java:73)
	at org.junit.platform.engine.support.hierarchical.NodeTestTask.executeRecursively(NodeTestTask.java:143)
	at org.junit.platform.engine.support.hierarchical.NodeTestTask.execute(NodeTestTask.java:100)
	at java.base/java.util.ArrayList.forEach(ArrayList.java:1596)
	at org.junit.platform.engine.support.hierarchical.SameThreadHierarchicalTestExecutorService.invokeAll(SameThreadHierarchicalTestExecutorService.java:41)
	at org.junit.platform.engine.support.hierarchical.NodeTestTask.lambda$executeRecursively$6(NodeTestTask.java:160)
	at org.junit.platform.engine.support.hierarchical.ThrowableCollector.execute(ThrowableCollector.java:73)
	at org.junit.platform.engine.support.hierarchical.NodeTestTask.lambda$executeRecursively$8(NodeTestTask.java:146)
	at org.junit.platform.engine.support.hierarchical.Node.around(Node.java:137)
	at org.junit.platform.engine.support.hierarchical.NodeTestTask.lambda$executeRecursively$9(NodeTestTask.java:144)
	at org.junit.platform.engine.support.hierarchical.ThrowableCollector.execute(ThrowableCollector.java:73)
	at org.junit.platform.engine.support.hierarchical.NodeTestTask.executeRecursively(NodeTestTask.java:143)
	at org.junit.platform.engine.support.hierarchical.NodeTestTask.execute(NodeTestTask.java:100)
	at java.base/java.util.ArrayList.forEach(ArrayList.java:1596)
	at org.junit.platform.engine.support.hierarchical.SameThreadHierarchicalTestExecutorService.invokeAll(SameThreadHierarchicalTestExecutorService.java:41)
	at org.junit.platform.engine.support.hierarchical.NodeTestTask.lambda$executeRecursively$6(NodeTestTask.java:160)
	at org.junit.platform.engine.support.hierarchical.ThrowableCollector.execute(ThrowableCollector.java:73)
	at org.junit.platform.engine.support.hierarchical.NodeTestTask.lambda$executeRecursively$8(NodeTestTask.java:146)
	at org.junit.platform.engine.support.hierarchical.Node.around(Node.java:137)
	at org.junit.platform.engine.support.hierarchical.NodeTestTask.lambda$executeRecursively$9(NodeTestTask.java:144)
	at org.junit.platform.engine.support.hierarchical.ThrowableCollector.execute(ThrowableCollector.java:73)
	at org.junit.platform.engine.support.hierarchical.NodeTestTask.executeRecursively(NodeTestTask.java:143)
	at org.junit.platform.engine.support.hierarchical.NodeTestTask.execute(NodeTestTask.java:100)
	at org.junit.platform.engine.support.hierarchical.SameThreadHierarchicalTestExecutorService.submit(SameThreadHierarchicalTestExecutorService.java:35)
	at org.junit.platform.engine.support.hierarchical.HierarchicalTestExecutor.execute(HierarchicalTestExecutor.java:57)
	at org.junit.platform.engine.support.hierarchical.HierarchicalTestEngine.execute(HierarchicalTestEngine.java:54)
	at org.junit.platform.launcher.core.EngineExecutionOrchestrator.execute(EngineExecutionOrchestrator.java:198)
	at org.junit.platform.launcher.core.EngineExecutionOrchestrator.execute(EngineExecutionOrchestrator.java:169)
	at org.junit.platform.launcher.core.EngineExecutionOrchestrator.execute(EngineExecutionOrchestrator.java:93)
	at org.junit.platform.launcher.core.EngineExecutionOrchestrator.lambda$execute$0(EngineExecutionOrchestrator.java:58)
	at org.junit.platform.launcher.core.EngineExecutionOrchestrator.withInterceptedStreams(EngineExecutionOrchestrator.java:141)
	at org.junit.platform.launcher.core.EngineExecutionOrchestrator.execute(EngineExecutionOrchestrator.java:57)
	at org.junit.platform.launcher.core.DefaultLauncher.execute(DefaultLauncher.java:103)
	at org.junit.platform.launcher.core.DefaultLauncher.execute(DefaultLauncher.java:85)
	at org.junit.platform.launcher.core.DelegatingLauncher.execute(DelegatingLauncher.java:47)
	at org.apache.maven.surefire.junitplatform.LazyLauncher.execute(LazyLauncher.java:56)
	at org.apache.maven.surefire.junitplatform.JUnitPlatformProvider.execute(JUnitPlatformProvider.java:184)
	at org.apache.maven.surefire.junitplatform.JUnitPlatformProvider.invokeAllTests(JUnitPlatformProvider.java:148)
	at org.apache.maven.surefire.junitplatform.JUnitPlatformProvider.invoke(JUnitPlatformProvider.java:122)
	at org.apache.maven.surefire.booter.ForkedBooter.runSuitesInProcess(ForkedBooter.java:385)
	at org.apache.maven.surefire.booter.ForkedBooter.execute(ForkedBooter.java:162)
	at org.apache.maven.surefire.booter.ForkedBooter.run(ForkedBooter.java:507)
	at org.apache.maven.surefire.booter.ForkedBooter.main(ForkedBooter.java:495)
Caused by: java.awt.FontFormatException: Mock FontFormatException
	... 70 more
]]></system-err>
  </testcase>
</testsuite>