<?xml version="1.0" encoding="UTF-8"?>
<testsuite xmlns:xsi="http://www.w3.org/2001/XMLSchema-instance" xsi:noNamespaceSchemaLocation="https://maven.apache.org/surefire/maven-surefire-plugin/xsd/surefire-test-report.xsd" version="3.0.2" name="badIceCream.utils.NodeTest" time="0.014" tests="1" errors="0" skipped="0" failures="0">
  <properties>
    <property name="java.specification.version" value="21"/>
    <property name="sun.jnu.encoding" value="UTF-8"/>
    <property name="sun.awt.enableExtraMouseButtons" value="true"/>
    <property name="java.class.path" value="/Users/tiagobranquinho/Desktop/universidade/5ANO/TVVS/project-bad-ice-cream/target/test-classes:/Users/tiagobranquinho/Desktop/universidade/5ANO/TVVS/project-bad-ice-cream/target/classes:/Users/tiagobranquinho/.m2/repository/com/googlecode/lanterna/lanterna/3.1.1/lanterna-3.1.1.jar:/Users/tiagobranquinho/.m2/repository/net/jqwik/jqwik/1.9.1/jqwik-1.9.1.jar:/Users/tiagobranquinho/.m2/repository/org/apiguardian/apiguardian-api/1.1.2/apiguardian-api-1.1.2.jar:/Users/tiagobranquinho/.m2/repository/net/jqwik/jqwik-api/1.9.1/jqwik-api-1.9.1.jar:/Users/tiagobranquinho/.m2/repository/net/jqwik/jqwik-web/1.9.1/jqwik-web-1.9.1.jar:/Users/tiagobranquinho/.m2/repository/net/jqwik/jqwik-time/1.9.1/jqwik-time-1.9.1.jar:/Users/tiagobranquinho/.m2/repository/net/jqwik/jqwik-engine/1.9.1/jqwik-engine-1.9.1.jar:/Users/tiagobranquinho/.m2/repository/org/assertj/assertj-core/3.26.3/assertj-core-3.26.3.jar:/Users/tiagobranquinho/.m2/repository/net/bytebuddy/byte-buddy/1.14.18/byte-buddy-1.14.18.jar:/Users/tiagobranquinho/.m2/repository/org/junit/jupiter/junit-jupiter-api/5.11.2/junit-jupiter-api-5.11.2.jar:/Users/tiagobranquinho/.m2/repository/org/opentest4j/opentest4j/1.3.0/opentest4j-1.3.0.jar:/Users/tiagobranquinho/.m2/repository/org/junit/platform/junit-platform-commons/1.11.2/junit-platform-commons-1.11.2.jar:/Users/tiagobranquinho/.m2/repository/org/junit/jupiter/junit-jupiter-params/5.11.2/junit-jupiter-params-5.11.2.jar:/Users/tiagobranquinho/.m2/repository/org/junit/jupiter/junit-jupiter-engine/5.11.2/junit-jupiter-engine-5.11.2.jar:/Users/tiagobranquinho/.m2/repository/org/junit/platform/junit-platform-engine/1.11.2/junit-platform-engine-1.11.2.jar:/Users/tiagobranquinho/.m2/repository/org/junit/platform/junit-platform-runner/1.11.2/junit-platform-runner-1.11.2.jar:/Users/tiagobranquinho/.m2/repository/junit/junit/4.13.2/junit-4.13.2.jar:/Users/tiagobranquinho/.m2/repository/org/hamcrest/hamcrest-core/1.3/hamcrest-core-1.3.jar:/Users/tiagobranquinho/.m2/repository/org/junit/platform/junit-platform-suite-api/1.11.2/junit-platform-suite-api-1.11.2.jar:/Users/tiagobranquinho/.m2/repository/org/junit/platform/junit-platform-suite-commons/1.11.2/junit-platform-suite-commons-1.11.2.jar:/Users/tiagobranquinho/.m2/repository/org/junit/platform/junit-platform-launcher/1.11.2/junit-platform-launcher-1.11.2.jar:/Users/tiagobranquinho/.m2/repository/org/mockito/mockito-core/5.14.1/mockito-core-5.14.1.jar:/Users/tiagobranquinho/.m2/repository/net/bytebuddy/byte-buddy-agent/1.15.3/byte-buddy-agent-1.15.3.jar:/Users/tiagobranquinho/.m2/repository/org/objenesis/objenesis/3.3/objenesis-3.3.jar:/Users/tiagobranquinho/.m2/repository/org/mockito/mockito-junit-jupiter/5.14.1/mockito-junit-jupiter-5.14.1.jar:"/>
    <property name="java.vm.vendor" value="Oracle Corporation"/>
    <property name="sun.arch.data.model" value="64"/>
    <property name="java.vendor.url" value="https://java.oracle.com/"/>
    <property name="user.timezone" value="Europe/Lisbon"/>
    <property name="os.name" value="Mac OS X"/>
    <property name="java.vm.specification.version" value="21"/>
    <property name="sun.java.launcher" value="SUN_STANDARD"/>
    <property name="user.country" value="PT"/>
    <property name="sun.boot.library.path" value="/Library/Java/JavaVirtualMachines/jdk-21.jdk/Contents/Home/lib"/>
    <property name="sun.java.command" value="/Users/tiagobranquinho/Desktop/universidade/5ANO/TVVS/project-bad-ice-cream/target/surefire/surefirebooter-20250106092300375_3.jar /Users/tiagobranquinho/Desktop/universidade/5ANO/TVVS/project-bad-ice-cream/target/surefire 2025-01-06T09-23-00_333-jvmRun1 surefire-20250106092300375_1tmp surefire_0-20250106092300375_2tmp"/>
    <property name="jdk.debug" value="release"/>
    <property name="surefire.test.class.path" value="/Users/tiagobranquinho/Desktop/universidade/5ANO/TVVS/project-bad-ice-cream/target/test-classes:/Users/tiagobranquinho/Desktop/universidade/5ANO/TVVS/project-bad-ice-cream/target/classes:/Users/tiagobranquinho/.m2/repository/com/googlecode/lanterna/lanterna/3.1.1/lanterna-3.1.1.jar:/Users/tiagobranquinho/.m2/repository/net/jqwik/jqwik/1.9.1/jqwik-1.9.1.jar:/Users/tiagobranquinho/.m2/repository/org/apiguardian/apiguardian-api/1.1.2/apiguardian-api-1.1.2.jar:/Users/tiagobranquinho/.m2/repository/net/jqwik/jqwik-api/1.9.1/jqwik-api-1.9.1.jar:/Users/tiagobranquinho/.m2/repository/net/jqwik/jqwik-web/1.9.1/jqwik-web-1.9.1.jar:/Users/tiagobranquinho/.m2/repository/net/jqwik/jqwik-time/1.9.1/jqwik-time-1.9.1.jar:/Users/tiagobranquinho/.m2/repository/net/jqwik/jqwik-engine/1.9.1/jqwik-engine-1.9.1.jar:/Users/tiagobranquinho/.m2/repository/org/assertj/assertj-core/3.26.3/assertj-core-3.26.3.jar:/Users/tiagobranquinho/.m2/repository/net/bytebuddy/byte-buddy/1.14.18/byte-buddy-1.14.18.jar:/Users/tiagobranquinho/.m2/repository/org/junit/jupiter/junit-jupiter-api/5.11.2/junit-jupiter-api-5.11.2.jar:/Users/tiagobranquinho/.m2/repository/org/opentest4j/opentest4j/1.3.0/opentest4j-1.3.0.jar:/Users/tiagobranquinho/.m2/repository/org/junit/platform/junit-platform-commons/1.11.2/junit-platform-commons-1.11.2.jar:/Users/tiagobranquinho/.m2/repository/org/junit/jupiter/junit-jupiter-params/5.11.2/junit-jupiter-params-5.11.2.jar:/Users/tiagobranquinho/.m2/repository/org/junit/jupiter/junit-jupiter-engine/5.11.2/junit-jupiter-engine-5.11.2.jar:/Users/tiagobranquinho/.m2/repository/org/junit/platform/junit-platform-engine/1.11.2/junit-platform-engine-1.11.2.jar:/Users/tiagobranquinho/.m2/repository/org/junit/platform/junit-platform-runner/1.11.2/junit-platform-runner-1.11.2.jar:/Users/tiagobranquinho/.m2/repository/junit/junit/4.13.2/junit-4.13.2.jar:/Users/tiagobranquinho/.m2/repository/org/hamcrest/hamcrest-core/1.3/hamcrest-core-1.3.jar:/Users/tiagobranquinho/.m2/repository/org/junit/platform/junit-platform-suite-api/1.11.2/junit-platform-suite-api-1.11.2.jar:/Users/tiagobranquinho/.m2/repository/org/junit/platform/junit-platform-suite-commons/1.11.2/junit-platform-suite-commons-1.11.2.jar:/Users/tiagobranquinho/.m2/repository/org/junit/platform/junit-platform-launcher/1.11.2/junit-platform-launcher-1.11.2.jar:/Users/tiagobranquinho/.m2/repository/org/mockito/mockito-core/5.14.1/mockito-core-5.14.1.jar:/Users/tiagobranquinho/.m2/repository/net/bytebuddy/byte-buddy-agent/1.15.3/byte-buddy-agent-1.15.3.jar:/Users/tiagobranquinho/.m2/repository/org/objenesis/objenesis/3.3/objenesis-3.3.jar:/Users/tiagobranquinho/.m2/repository/org/mockito/mockito-junit-jupiter/5.14.1/mockito-junit-jupiter-5.14.1.jar:"/>
    <property name="sun.cpu.endian" value="little"/>
    <property name="user.home" value="/Users/tiagobranquinho"/>
    <property name="user.language" value="en"/>
    <property name="java.specification.vendor" value="Oracle Corporation"/>
    <property name="java.version.date" value="2024-01-16"/>
    <property name="java.home" value="/Library/Java/JavaVirtualMachines/jdk-21.jdk/Contents/Home"/>
    <property name="file.separator" value="/"/>
    <property name="basedir" value="/Users/tiagobranquinho/Desktop/universidade/5ANO/TVVS/project-bad-ice-cream"/>
    <property name="java.vm.compressedOopsMode" value="Zero based"/>
    <property name="line.separator" value="&#10;"/>
    <property name="java.vm.specification.vendor" value="Oracle Corporation"/>
    <property name="java.specification.name" value="Java Platform API Specification"/>
    <property name="apple.awt.application.name" value="ForkedBooter"/>
    <property name="surefire.real.class.path" value="/Users/tiagobranquinho/Desktop/universidade/5ANO/TVVS/project-bad-ice-cream/target/surefire/surefirebooter-20250106092300375_3.jar"/>
    <property name="sun.management.compiler" value="HotSpot 64-Bit Tiered Compilers"/>
    <property name="java.runtime.version" value="21.0.2+13-LTS-58"/>
    <property name="user.name" value="tiagobranquinho"/>
    <property name="stdout.encoding" value="UTF-8"/>
    <property name="path.separator" value=":"/>
    <property name="os.version" value="14.4.1"/>
    <property name="java.runtime.name" value="Java(TM) SE Runtime Environment"/>
    <property name="file.encoding" value="UTF-8"/>
    <property name="java.vm.name" value="Java HotSpot(TM) 64-Bit Server VM"/>
    <property name="localRepository" value="/Users/tiagobranquinho/.m2/repository"/>
    <property name="java.vendor.url.bug" value="https://bugreport.java.com/bugreport/"/>
    <property name="java.io.tmpdir" value="/var/folders/v1/yy42rmgd5hsbwthphypsmb0h0000gn/T/"/>
    <property name="java.version" value="21.0.2"/>
    <property name="user.dir" value="/Users/tiagobranquinho/Desktop/universidade/5ANO/TVVS/project-bad-ice-cream"/>
    <property name="os.arch" value="aarch64"/>
    <property name="java.vm.specification.name" value="Java Virtual Machine Specification"/>
    <property name="native.encoding" value="UTF-8"/>
    <property name="java.library.path" value="/Users/tiagobranquinho/Library/Java/Extensions:/Library/Java/Extensions:/Network/Library/Java/Extensions:/System/Library/Java/Extensions:/usr/lib/java:."/>
    <property name="java.vm.info" value="mixed mode, sharing"/>
    <property name="stderr.encoding" value="UTF-8"/>
    <property name="java.vendor" value="Oracle Corporation"/>
    <property name="java.vm.version" value="21.0.2+13-LTS-58"/>
    <property name="sun.io.unicode.encoding" value="UnicodeBig"/>
    <property name="java.class.version" value="65.0"/>
  </properties>
  <testcase name="testCompareToWithEqualCostAndHeuristic" classname="badIceCream.utils.NodeTest" time="0.013"/>
</testsuite>